<?xml version="1.0" encoding="UTF-8"?>
<testsuite xmlns:xsi="http://www.w3.org/2001/XMLSchema-instance" xsi:noNamespaceSchemaLocation="https://maven.apache.org/surefire/maven-surefire-plugin/xsd/surefire-test-report-3.0.xsd" version="3.0" name="zm.eoz.platform.opportunity.OpportunityModerationTest" time="1.391" tests="3" errors="0" skipped="0" failures="0">
  <properties>
[...]
</properties>
  <testcase name="employerCannotAccessModerationQueue" classname="zm.eoz.platform.opportunity.OpportunityModerationTest" time="0.244">
    <system-out><![CDATA[2026-09-08T12:21:22.818+02:00  INFO 23720 --- [eoz-backend] [           main] t.c.s.AnnotationConfigContextLoaderUtils : Could not detect default configuration classes for test class [zm.eoz.platform.opportunity.OpportunityModerationTest]: OpportunityModerationTest does not declare any static, non-private, non-final, nested classes annotated with @Configuration.
2026-09-08T12:21:22.854+02:00  INFO 23720 --- [eoz-backend] [           main] .b.t.c.SpringBootTestContextBootstrapper : Found @SpringBootConfiguration zm.eoz.platform.EozBackendApplication for test class zm.eoz.platform.opportunity.OpportunityModerationTest
2026-09-08T12:21:22.979+02:00  WARN 23720 --- [eoz-backend] [           main] z.e.p.notification.NotificationService   : Email delivery skipped for notification 'Verify your EOZ account' to it-employer-499954501680400@example.zm: Mail server connection failed. Failed messages: org.eclipse.angus.mail.util.MailConnectException: Couldn't connect to host, port: localhost, 1025; timeout -1;
  nested exception is:
	java.net.ConnectException: Connection refused: connect
]]></system-out>
  </testcase>
  <testcase name="submittingWithoutARequiredApplicationRouteIsRejected" classname="zm.eoz.platform.opportunity.OpportunityModerationTest" time="0.263">
    <system-out><![CDATA[2026-09-08T12:21:23.230+02:00  WARN 23720 --- [eoz-backend] [           main] z.e.p.notification.NotificationService   : Email delivery skipped for notification 'Verify your EOZ account' to it-employer-499954746410200@example.zm: Mail server connection failed. Failed messages: org.eclipse.angus.mail.util.MailConnectException: Couldn't connect to host, port: localhost, 1025; timeout -1;
  nested exception is:
	java.net.ConnectException: Connection refused: connect
]]></system-out>
  </testcase>
  <testcase name="fullLifecycleSubmitApproveThenPublishMakesItPubliclyVisible" classname="zm.eoz.platform.opportunity.OpportunityModerationTest" time="0.828">
    <system-out><![CDATA[2026-09-08T12:21:23.494+02:00  WARN 23720 --- [eoz-backend] [           main] z.e.p.notification.NotificationService   : Email delivery skipped for notification 'Verify your EOZ account' to it-employer-499955010647000@example.zm: Mail server connection failed. Failed messages: org.eclipse.angus.mail.util.MailConnectException: Couldn't connect to host, port: localhost, 1025; timeout -1;
  nested exception is:
	java.net.ConnectException: Connection refused: connect
2026-09-08T12:21:24.164+02:00  WARN 23720 --- [eoz-backend] [           main] z.e.p.notification.NotificationService   : Email delivery skipped for notification 'Your listing was approved' to it-employer-499955010647000@example.zm: Mail server connection failed. Failed messages: org.eclipse.angus.mail.util.MailConnectException: Couldn't connect to host, port: localhost, 1025; timeout -1;
  nested exception is:
	java.net.ConnectException: Connection refused: connect
]]></system-out>
  </testcase>
</testsuite>